<?xml version="1.0" encoding="UTF-8"?>
<testng-results skipped="0" failed="0" total="1" passed="1">
  <reporter-output>
    <line>
      <![CDATA[工程管理登录功能]]>
    </line>
    <line>
      <![CDATA[首次进入形象工程同步数据]]>
    </line>
    <line>
      <![CDATA[楼栋列表]]>
    </line>
    <line>
      <![CDATA[工序]]>
    </line>
    <line>
      <![CDATA[进度描述]]>
    </line>
    <line>
      <![CDATA[状态变化（待完善-->已维护）]]>
    </line>
  </reporter-output>
  <suite name="恒大信息化中心UI自动化测试项目报告" duration-ms="272617" started-at="2018-07-12T11:57:09Z" finished-at="2018-07-12T12:01:42Z">
    <groups>
    </groups>
    <test name="注册登录" duration-ms="272617" started-at="2018-07-12T11:57:09Z" finished-at="2018-07-12T12:01:42Z">
      <class name="com.evergrande.TestCases.WeChatLogin">
        <test-method status="PASS" signature="setUp(java.lang.String, boolean, java.lang.String)[pri:0, instance:com.evergrande.TestCases.WeChatLogin@198b6731]" name="setUp" is-config="true" duration-ms="37081" started-at="2018-07-12T19:56:32Z" finished-at="2018-07-12T19:57:09Z">
          <params>
            <param index="0">
              <value>
                <![CDATA[127.0.0.1:62001]]>
              </value>
            </param>
            <param index="1">
              <value>
                <![CDATA[true]]>
              </value>
            </param>
            <param index="2">
              <value>
                <![CDATA[com.evergrande.hdproject]]>
              </value>
            </param>
          </params>
          <reporter-output>
          </reporter-output>
        </test-method> <!-- setUp -->
        <test-method status="PASS" signature="stup()[pri:0, instance:com.evergrande.TestCases.WeChatLogin@198b6731]" name="stup" is-config="true" duration-ms="817" started-at="2018-07-12T19:57:09Z" finished-at="2018-07-12T19:57:10Z">
          <reporter-output>
          </reporter-output>
        </test-method> <!-- stup -->
        <test-method status="PASS" signature="allTest()[pri:0, instance:com.evergrande.TestCases.WeChatLogin@198b6731]" name="allTest" duration-ms="271791" started-at="2018-07-12T19:57:10Z" finished-at="2018-07-12T20:01:42Z">
          <reporter-output>
            <line>
              <![CDATA[工程管理登录功能]]>
            </line>
            <line>
              <![CDATA[首次进入形象工程同步数据]]>
            </line>
            <line>
              <![CDATA[楼栋列表]]>
            </line>
            <line>
              <![CDATA[工序]]>
            </line>
            <line>
              <![CDATA[进度描述]]>
            </line>
            <line>
              <![CDATA[状态变化（待完善-->已维护）]]>
            </line>
          </reporter-output>
        </test-method> <!-- allTest -->
        <test-method status="PASS" signature="afterMethod(org.testng.ITestResult)[pri:0, instance:com.evergrande.TestCases.WeChatLogin@198b6731]" name="afterMethod" is-config="true" duration-ms="0" started-at="2018-07-12T20:01:42Z" finished-at="2018-07-12T20:01:42Z">
          <params>
            <param index="0">
              <value>
                <![CDATA[[TestResult name=allTest status=SUCCESS method=WeChatLogin.allTest()[pri:0, instance:com.evergrande.TestCases.WeChatLogin@198b6731] output=工程管理登录功能]]]>
              </value>
            </param>
          </params>
          <reporter-output>
          </reporter-output>
        </test-method> <!-- afterMethod -->
        <test-method status="PASS" signature="tearDown()[pri:0, instance:com.evergrande.TestCases.WeChatLogin@198b6731]" name="tearDown" is-config="true" duration-ms="2043" started-at="2018-07-12T20:01:42Z" finished-at="2018-07-12T20:01:44Z">
          <reporter-output>
          </reporter-output>
        </test-method> <!-- tearDown -->
      </class> <!-- com.evergrande.TestCases.WeChatLogin -->
    </test> <!-- 注册登录 -->
  </suite> <!-- 恒大信息化中心UI自动化测试项目报告 -->
</testng-results>
